[2018-11-01 10:20:03,853] TRACE [Controller id=0 epoch=13] Sending UpdateMetadata request PartitionState(controllerEpoch=13, leader=-2, leaderEpoch=0, isr=[0], zkVersion=0, replicas=[0], offlineReplicas=[]) to brokers Set(0) for partition customer-0 (state.change.logger)
[2018-11-01 10:20:03,855] TRACE [Broker id=0] Deleted partition customer-0 from metadata cache in response to UpdateMetadata request sent by controller 0 epoch 13 with correlation id 29 (state.change.logger)
[2018-11-01 10:20:03,855] TRACE [Controller id=0 epoch=13] Received response {error_code=0} for request UPDATE_METADATA with correlation id 29 sent to broker localhost:9092 (id: 0 rack: null) (state.change.logger)
[2018-11-01 10:20:03,861] TRACE [Controller id=0 epoch=13] Changed state of replica 0 for partition customer-0 from OnlineReplica to OfflineReplica (state.change.logger)
[2018-11-01 10:20:03,861] TRACE [Controller id=0 epoch=13] Changed state of replica 0 for partition customer-0 from OfflineReplica to ReplicaDeletionStarted (state.change.logger)
[2018-11-01 10:20:03,861] TRACE [Controller id=0 epoch=13] Received response {error_code=0,partitions=[]} for request STOP_REPLICA with correlation id 30 sent to broker localhost:9092 (id: 0 rack: null) (state.change.logger)
[2018-11-01 10:20:03,862] TRACE [Broker id=0] Handling stop replica (delete=false) for partition customer-0 (state.change.logger)
[2018-11-01 10:20:03,862] TRACE [Broker id=0] Finished handling stop replica (delete=false) for partition customer-0 (state.change.logger)
[2018-11-01 10:20:03,862] TRACE [Controller id=0 epoch=13] Received response {error_code=0,partitions=[{topic=customer,partition=0,error_code=0}]} for request STOP_REPLICA with correlation id 31 sent to broker localhost:9092 (id: 0 rack: null) (state.change.logger)
[2018-11-01 10:20:03,862] TRACE [Controller id=0 epoch=13] Received response {error_code=0,partitions=[]} for request STOP_REPLICA with correlation id 32 sent to broker localhost:9092 (id: 0 rack: null) (state.change.logger)
[2018-11-01 10:20:03,862] TRACE [Broker id=0] Handling stop replica (delete=true) for partition customer-0 (state.change.logger)
[2018-11-01 10:20:03,996] TRACE [Broker id=0] Finished handling stop replica (delete=true) for partition customer-0 (state.change.logger)
[2018-11-01 10:20:03,997] TRACE [Controller id=0 epoch=13] Received response {error_code=0,partitions=[{topic=customer,partition=0,error_code=0}]} for request STOP_REPLICA with correlation id 33 sent to broker localhost:9092 (id: 0 rack: null) (state.change.logger)
[2018-11-01 10:20:03,997] TRACE [Controller id=0 epoch=13] Changed state of replica 0 for partition customer-0 from ReplicaDeletionStarted to ReplicaDeletionSuccessful (state.change.logger)
[2018-11-01 10:20:03,997] TRACE [Controller id=0 epoch=13] Changed state of replica 0 for partition customer-0 from ReplicaDeletionSuccessful to NonExistentReplica (state.change.logger)
[2018-11-01 10:20:03,997] TRACE [Controller id=0 epoch=13] Changed partition customer-0 state from OnlinePartition to OfflinePartition (state.change.logger)
[2018-11-01 10:20:03,997] TRACE [Controller id=0 epoch=13] Changed partition customer-0 state from OfflinePartition to NonExistentPartition (state.change.logger)
[2018-11-01 10:23:38,605] TRACE [Controller id=0 epoch=13] Changed partition customer-0 state from NonExistentPartition to NewPartition with assigned replicas 0 (state.change.logger)
[2018-11-01 10:23:38,605] TRACE [Controller id=0 epoch=13] Changed state of replica 0 for partition customer-0 from NonExistentReplica to NewReplica (state.change.logger)
[2018-11-01 10:23:38,630] TRACE [Controller id=0 epoch=13] Changed partition customer-0 from NewPartition to OnlinePartition with state LeaderAndIsr(leader=0, leaderEpoch=0, isr=List(0), zkVersion=0) (state.change.logger)
[2018-11-01 10:23:38,630] TRACE [Controller id=0 epoch=13] Sending become-leader LeaderAndIsr request PartitionState(controllerEpoch=13, leader=0, leaderEpoch=0, isr=0, zkVersion=0, replicas=0, isNew=true) to broker 0 for partition customer-0 (state.change.logger)
[2018-11-01 10:23:38,630] TRACE [Controller id=0 epoch=13] Sending UpdateMetadata request PartitionState(controllerEpoch=13, leader=0, leaderEpoch=0, isr=[0], zkVersion=0, replicas=[0], offlineReplicas=[]) to brokers Set(0) for partition customer-0 (state.change.logger)
[2018-11-01 10:23:38,630] TRACE [Controller id=0 epoch=13] Changed state of replica 0 for partition customer-0 from NewReplica to OnlineReplica (state.change.logger)
[2018-11-01 10:23:38,630] TRACE [Broker id=0] Received LeaderAndIsr request PartitionState(controllerEpoch=13, leader=0, leaderEpoch=0, isr=0, zkVersion=0, replicas=0, isNew=true) correlation id 34 from controller 0 epoch 13 for partition customer-0 (state.change.logger)
[2018-11-01 10:23:38,630] TRACE [Broker id=0] Handling LeaderAndIsr request correlationId 34 from controller 0 epoch 13 starting the become-leader transition for partition customer-0 (state.change.logger)
[2018-11-01 10:23:38,633] TRACE [Broker id=0] Stopped fetchers as part of become-leader request from controller 0 epoch 13 with correlation id 34 for partition customer-0 (last update controller epoch 13) (state.change.logger)
[2018-11-01 10:23:38,633] TRACE [Broker id=0] Completed LeaderAndIsr request correlationId 34 from controller 0 epoch 13 for the become-leader transition for partition customer-0 (state.change.logger)
[2018-11-01 10:23:38,633] TRACE [Controller id=0 epoch=13] Received response {error_code=0,partitions=[{topic=customer,partition=0,error_code=0}]} for request LEADER_AND_ISR with correlation id 34 sent to broker localhost:9092 (id: 0 rack: null) (state.change.logger)
[2018-11-01 10:23:38,633] TRACE [Broker id=0] Cached leader info PartitionState(controllerEpoch=13, leader=0, leaderEpoch=0, isr=[0], zkVersion=0, replicas=[0], offlineReplicas=[]) for partition customer-0 in response to UpdateMetadata request sent by controller 0 epoch 13 with correlation id 35 (state.change.logger)
[2018-11-01 10:23:38,633] TRACE [Controller id=0 epoch=13] Received response {error_code=0} for request UPDATE_METADATA with correlation id 35 sent to broker localhost:9092 (id: 0 rack: null) (state.change.logger)
